{"C:\\Users\\Administrator\\WebstormProjects\\unittest3\\src\\js\\app.js": {"path":"C:\\Users\\Administrator\\WebstormProjects\\unittest3\\src\\js\\app.js","statementMap":{"0":{"start":{"line":3,"column":4},"end":{"line":5,"column":7}},"1":{"start":{"line":4,"column":8},"end":{"line":4,"column":35}}},"fnMap":{"0":{"name":"sortForHealth","decl":{"start":{"line":2,"column":16},"end":{"line":2,"column":29}},"loc":{"start":{"line":2,"column":38},"end":{"line":6,"column":1}},"line":2},"1":{"name":"(anonymous_1)","decl":{"start":{"line":3,"column":24},"end":{"line":3,"column":25}},"loc":{"start":{"line":3,"column":33},"end":{"line":5,"column":5}},"line":3}},"branchMap":{},"s":{"0":1,"1":4},"f":{"0":1,"1":4},"b":{},"_coverageSchema":"1a1c01bbd47fc00a2c39e90264f33305004495a9","hash":"a12b3aec3455ab982a85925cc1b85fc5078b2496"}
}
